  Matrix.cpp
D:\Gabriel\Vitiate\VitiateNaive\Matrix.cpp(47,19): warning C4267: '=': conversion from 'size_t' to 'unsigned int', possible loss of data
D:\Gabriel\Vitiate\VitiateNaive\Matrix.cpp(54,19): warning C4267: '=': conversion from 'size_t' to 'unsigned int', possible loss of data
  RED.cpp
D:\Gabriel\Vitiate\VitiateNaive\RED.cpp(8,12): warning C4244: 'argument': conversion from 'time_t' to 'unsigned int', possible loss of data
D:\Gabriel\Vitiate\VitiateNaive\RED.cpp(89,37): warning C4244: '=': conversion from 'float' to '_Ty', possible loss of data
          with
          [
              _Ty=int
          ]
D:\Gabriel\Vitiate\VitiateNaive\RED.cpp(119,36): warning C4267: 'initializing': conversion from 'size_t' to 'unsigned int', possible loss of data
D:\Gabriel\Vitiate\VitiateNaive\RED.cpp(137,32): warning C4244: '=': conversion from 'float' to 'int', possible loss of data
D:\Gabriel\Vitiate\VitiateNaive\RED.cpp(143,14): warning C4244: 'initializing': conversion from 'float' to 'int', possible loss of data
D:\Gabriel\Vitiate\VitiateNaive\RED.cpp(222,30): warning C4267: 'argument': conversion from 'size_t' to 'unsigned int', possible loss of data
D:\Gabriel\Vitiate\VitiateNaive\RED.cpp(223,30): warning C4267: 'argument': conversion from 'size_t' to 'unsigned int', possible loss of data
C:\Program Files (x86)\Microsoft Visual Studio\2019\Community\VC\Tools\MSVC\14.28.29333\include\xmemory(701,82): warning C4244: 'initializing': conversion from '_Ty' to '_Objty', possible loss of data
          with
          [
              _Ty=float
          ]
          and
          [
              _Objty=int
          ]
C:\Program Files (x86)\Microsoft Visual Studio\2019\Community\VC\Tools\MSVC\14.28.29333\include\vector(682): message : see reference to function template instantiation 'void std::_Default_allocator_traits<_Alloc>::construct<_Ty,float>(_Alloc &,_Objty *const ,float &&)' being compiled
          with
          [
              _Alloc=std::allocator<int>,
              _Ty=int,
              _Objty=int
          ]
C:\Program Files (x86)\Microsoft Visual Studio\2019\Community\VC\Tools\MSVC\14.28.29333\include\vector(687): message : see reference to function template instantiation 'void std::_Default_allocator_traits<_Alloc>::construct<_Ty,float>(_Alloc &,_Objty *const ,float &&)' being compiled
          with
          [
              _Alloc=std::allocator<int>,
              _Ty=int,
              _Objty=int
          ]
C:\Program Files (x86)\Microsoft Visual Studio\2019\Community\VC\Tools\MSVC\14.28.29333\include\vector(700): message : see reference to function template instantiation 'void std::vector<int,std::allocator<int>>::_Emplace_back_with_unused_capacity<_Ty>(_Ty &&)' being compiled
          with
          [
              _Ty=float
          ]
D:\Gabriel\Vitiate\VitiateNaive\RED.cpp(184): message : see reference to function template instantiation 'void std::vector<int,std::allocator<int>>::emplace_back<float>(float &&)' being compiled
  VitiateNaive.cpp
  Generating Code...
  VitiateNaive.vcxproj -> D:\Gabriel\Vitiate\VitiateNaive\x64\Debug\VitiateNaive.exe
